2025-09-10 17:24:28.490 | INFO     | __main__:main:87 - ---------------------- starting script ----------------------
2025-09-10 17:24:28.580 | INFO     | __main__:parametrize_dataset:149 - Loading dataset at workflow/04-parametrize/../02-select-data/datasets/spice2/train...
2025-09-10 17:24:28.587 | INFO     | __main__:parametrize_dataset:153 - Loaded.
2025-09-10 17:24:28.587 | INFO     | __main__:parametrize_dataset:155 - Constructing interchanges...
2025-09-10 17:24:37.139 | WARNING  | __mp_main__:smiles_to_interchange:251 - [F:1][P:4]([F:2])[I:3] encountered ValueError during parametrization, skipping: Molecule contains forbidden SMARTS pattern [#15:1]-[#53:2]
2025-09-10 17:25:19.762 | WARNING  | __mp_main__:smiles_to_interchange:251 - [N:1]#[C:3][S:4][I:2] encountered ValueError during parametrization, skipping: Molecule contains forbidden SMARTS pattern [#16:1]-[#35,#53:2]
2025-09-10 17:31:07.113 | WARNING  | __mp_main__:smiles_to_interchange:251 - [I:1][P:21]([I:2])([c:18]1[c:12]([H:31])[c:6]([H:25])[c:3]([H:22])[c:7]([H:26])[c:13]1[H:32])([c:19]1[c:14]([H:33])[c:8]([H:27])[c:4]([H:23])[c:9]([H:28])[c:15]1[H:34])[c:20]1[c:16]([H:35])[c:10]([H:29])[c:5]([H:24])[c:11]([H:30])[c:17]1[H:36] encountered ValueError during parametrization, skipping: Molecule contains forbidden SMARTS pattern [#15:1]-[#53:2]
2025-09-10 17:47:07.088 | WARNING  | __mp_main__:smiles_to_interchange:251 - [Br:1][S:4][c:16]1[c:13]([H:25])[c:9]([H:21])[c:8]([H:20])[c:12]([H:24])[c:15]1/[N:3]=[N:2]/[c:14]1[c:10]([H:22])[c:6]([H:18])[c:5]([H:17])[c:7]([H:19])[c:11]1[H:23] encountered ValueError during parametrization, skipping: Molecule contains forbidden SMARTS pattern [#16:1]-[#35,#53:2]
2025-09-10 17:48:04.091 | WARNING  | __mp_main__:smiles_to_interchange:251 - [I:1][P:13]([S:2][C:6]([H:14])([H:15])[H:16])([N:3]([C:7]([H:17])([H:18])[H:19])[C:8]([H:20])([H:21])[H:22])([N:4]([C:9]([H:23])([H:24])[H:25])[C:10]([H:26])([H:27])[H:28])[N:5]([C:11]([H:29])([H:30])[H:31])[C:12]([H:32])([H:33])[H:34] encountered ValueError during parametrization, skipping: Molecule contains forbidden SMARTS pattern [#15:1]-[#53:2]
2025-09-10 17:53:10.341 | WARNING  | __mp_main__:smiles_to_interchange:251 - [H:11][C:4]([H:12])([H:13])[S:7]([C:5]([H:14])([H:15])[H:16])([C:6]([H:17])([H:18])[C:3]([H:9])([H:10])[O:2][H:8])[I:1] encountered ValueError during parametrization, skipping: Molecule contains forbidden SMARTS pattern [#16:1]-[#35,#53:2]
2025-09-10 18:37:21.942 | WARNING  | __mp_main__:smiles_to_interchange:251 - [P:1]#[C:2][c:8]1[c:6]([H:12])[c:4]([H:10])[c:3]([H:9])[c:5]([H:11])[c:7]1[H:13] encountered ValueError during parametrization, skipping: Molecule contains forbidden SMARTS pattern [#15:1]#[*:2]
2025-09-10 18:40:17.174 | INFO     | __main__:parametrize_dataset:173 - Interchanges constructed.
2025-09-10 18:40:18.422 | INFO     | __main__:parametrize_dataset:149 - Loading dataset at workflow/04-parametrize/../02-select-data/datasets/spice2/test...
2025-09-10 18:40:18.426 | INFO     | __main__:parametrize_dataset:153 - Loaded.
2025-09-10 18:40:18.426 | INFO     | __main__:parametrize_dataset:155 - Constructing interchanges...
2025-09-10 18:40:26.883 | WARNING  | __mp_main__:smiles_to_interchange:251 - [S:3]([S:4][Br:2])[Br:1] encountered ValueError during parametrization, skipping: Molecule contains forbidden SMARTS pattern [#16:1]-[#35,#53:2]
2025-09-10 18:43:10.596 | WARNING  | __mp_main__:smiles_to_interchange:251 - [S:3]([S:4][I:2])[I:1] encountered ValueError during parametrization, skipping: Molecule contains forbidden SMARTS pattern [#16:1]-[#35,#53:2]
2025-09-10 18:44:29.949 | INFO     | __main__:parametrize_dataset:173 - Interchanges constructed.
2025-09-10 18:44:30.020 | INFO     | __main__:parametrize_dataset:149 - Loading dataset at workflow/04-parametrize/../02-select-data/datasets/tetramers/train...
2025-09-10 18:44:30.023 | INFO     | __main__:parametrize_dataset:153 - Loaded.
2025-09-10 18:44:30.024 | INFO     | __main__:parametrize_dataset:155 - Constructing interchanges...
2025-09-10 18:48:04.641 | INFO     | __main__:parametrize_dataset:173 - Interchanges constructed.
2025-09-10 18:48:04.987 | INFO     | __main__:parametrize_dataset:149 - Loading dataset at workflow/04-parametrize/../02-select-data/datasets/tetramers/test...
2025-09-10 18:48:04.992 | INFO     | __main__:parametrize_dataset:153 - Loaded.
2025-09-10 18:48:04.992 | INFO     | __main__:parametrize_dataset:155 - Constructing interchanges...
2025-09-10 18:48:20.196 | INFO     | __main__:parametrize_dataset:173 - Interchanges constructed.
2025-09-10 18:48:20.240 | INFO     | __main__:interchanges_to_smee:271 - Converting to tensor format...
2025-09-10 19:04:43.446 | INFO     | __main__:interchanges_to_smee:275 - Converted.
