╭─ ~/Documents/openff/back-to-school-josh  04-parametrize ⇡3 ─────────────────────────────────── 1 ✘   12:15:21 
╰─ pixi r python workflow/04-parametrize/04-parametrize.py --n-processes 10
2025-09-10 12:15:33.620 | INFO     | __main__:main:85 - ---------------------- starting script ----------------------
2025-09-10 12:15:33.709 | INFO     | __main__:parametrize_dataset:119 - Loading dataset at workflow/04-parametrize/../02-select-data/datasets/spice2/train...
2025-09-10 12:15:33.713 | INFO     | __main__:parametrize_dataset:123 - Loaded.
2025-09-10 12:15:33.714 | INFO     | __main__:parametrize_dataset:125 - Constructing interchanges...
Parametrizing:   0%|                                                            | 1/23719 [00:03<25:50:22,  3.92s/it]2025-09-10 12:15:38.880 | WARNING  | __mp_main__:smiles_to_interchange:211 - [F:1][P:4]([F:2])[I:3] encountered ValueError during parametrization, skipping: Molecule contains forbidden SMARTS pattern [#15:1]-[#53:2]
Parametrizing:   1%|▊                                                            | 292/23719 [00:50<57:28,  6.79it/s]2025-09-10 12:16:24.710 | WARNING  | __mp_main__:smiles_to_interchange:211 - [N:1]#[C:3][S:4][I:2] encountered ValueError during parametrization, skipping: Molecule contains forbidden SMARTS pattern [#16:1]-[#35,#53:2]
Parametrizing:   9%|█████                                                     | 2060/23719 [06:13<1:21:01,  4.46it/s]Warning: bond stereochemistry may be assigned incorrectly for molecule
Warning: bond stereochemistry may be assigned incorrectly for molecule
Warning: bond stereochemistry may be assigned incorrectly for molecule
Parametrizing:   9%|█████▌                                                      | 2209/23719 [06:42<51:32,  6.95it/s]Warning: bond stereochemistry may be assigned incorrectly for molecule
Warning: bond stereochemistry may be assigned incorrectly for molecule
Parametrizing:   9%|█████▍                                                    | 2211/23719 [06:43<1:15:00,  4.78it/s]Warning: bond stereochemistry may be assigned incorrectly for molecule
Parametrizing:  10%|█████▋                                                    | 2336/23719 [07:06<1:17:09,  4.62it/s]2025-09-10 12:22:40.133 | WARNING  | __mp_main__:smiles_to_interchange:211 - [I:1][P:21]([I:2])([c:18]1[c:12]([H:31])[c:6]([H:25])[c:3]([H:22])[c:7]([H:26])[c:13]1[H:32])([c:19]1[c:14]([H:33])[c:8]([H:27])[c:4]([H:23])[c:9]([H:28])[c:15]1[H:34])[c:20]1[c:16]([H:35])[c:10]([H:29])[c:5]([H:24])[c:11]([H:30])[c:17]1[H:36] encountered ValueError during parametrization, skipping: Molecule contains forbidden SMARTS pattern [#15:1]-[#53:2]
Parametrizing:  16%|█████████▌                                                  | 3797/23719 [11:45<48:22,  6.86it/s]Warning: bond stereochemistry may be assigned incorrectly for molecule
Warning: bond stereochemistry may be assigned incorrectly for molecule
Warning: bond stereochemistry may be assigned incorrectly for molecule
Parametrizing:  20%|███████████▋                                                | 4632/23719 [14:22<52:18,  6.08it/s]Warning: bond stereochemistry may be assigned incorrectly for molecule
Parametrizing:  20%|███████████▋                                                | 4633/23719 [14:22<53:22,  5.96it/s]Warning: bond stereochemistry may be assigned incorrectly for molecule
Warning: bond stereochemistry may be assigned incorrectly for molecule
Parametrizing:  20%|████████████▏                                               | 4842/23719 [15:03<51:14,  6.14it/s]Warning: bond stereochemistry may be assigned incorrectly for molecule
Warning: bond stereochemistry may be assigned incorrectly for molecule
Warning: bond stereochemistry may be assigned incorrectly for molecule
Parametrizing:  21%|████████████▍                                               | 4918/23719 [15:18<58:49,  5.33it/s]Warning: bond stereochemistry may be assigned incorrectly for molecule
Parametrizing:  21%|████████████▍                                               | 4920/23719 [15:18<59:27,  5.27it/s]Warning: bond stereochemistry may be assigned incorrectly for molecule
Warning: bond stereochemistry may be assigned incorrectly for molecule
Parametrizing:  21%|████████████                                              | 4957/23719 [15:25<1:07:28,  4.63it/s]Warning: bond stereochemistry may be assigned incorrectly for molecule
Warning: bond stereochemistry may be assigned incorrectly for molecule
Warning: bond stereochemistry may be assigned incorrectly for molecule
Parametrizing:  27%|████████████████▏                                           | 6387/23719 [19:56<37:28,  7.71it/s]Warning: bond stereochemistry may be assigned incorrectly for molecule
Warning: bond stereochemistry may be assigned incorrectly for molecule
Warning: bond stereochemistry may be assigned incorrectly for molecule
Parametrizing:  28%|████████████████▊                                           | 6663/23719 [20:46<48:25,  5.87it/s]Warning: bond stereochemistry may be assigned incorrectly for molecule
Warning: bond stereochemistry may be assigned incorrectly for molecule
Parametrizing:  28%|████████████████▎                                         | 6664/23719 [20:46<1:05:23,  4.35it/s]Warning: bond stereochemistry may be assigned incorrectly for molecule
Parametrizing:  32%|███████████████████                                         | 7539/23719 [23:34<48:10,  5.60it/s]2025-09-10 12:39:08.168 | WARNING  | __mp_main__:smiles_to_interchange:211 - [Br:1][S:4][c:16]1[c:13]([H:25])[c:9]([H:21])[c:8]([H:20])[c:12]([H:24])[c:15]1/[N:3]=[N:2]/[c:14]1[c:10]([H:22])[c:6]([H:18])[c:5]([H:17])[c:7]([H:19])[c:11]1[H:23] encountered ValueError during parametrization, skipping: Molecule contains forbidden SMARTS pattern [#16:1]-[#35,#53:2]
Parametrizing:  33%|███████████████████▏                                      | 7845/23719 [24:37<1:02:24,  4.24it/s]2025-09-10 12:40:11.356 | WARNING  | __mp_main__:smiles_to_interchange:211 - [I:1][P:13]([S:2][C:6]([H:14])([H:15])[H:16])([N:3]([C:7]([H:17])([H:18])[H:19])[C:8]([H:20])([H:21])[H:22])([N:4]([C:9]([H:23])([H:24])[H:25])[C:10]([H:26])([H:27])[H:28])[N:5]([C:11]([H:29])([H:30])[H:31])[C:12]([H:32])([H:33])[H:34] encountered ValueError during parametrization, skipping: Molecule contains forbidden SMARTS pattern [#15:1]-[#53:2]
Parametrizing:  34%|████████████████████▎                                       | 8025/23719 [25:10<54:36,  4.79it/s]Warning: bond stereochemistry may be assigned incorrectly for molecule
Warning: bond stereochemistry may be assigned incorrectly for molecule
Parametrizing:  34%|███████████████████▋                                      | 8027/23719 [25:11<1:06:28,  3.93it/s]Warning: bond stereochemistry may be assigned incorrectly for molecule
Parametrizing:  37%|█████████████████████▋                                    | 8892/23719 [28:00<2:18:01,  1.79it/s]Warning: bond stereochemistry may be assigned incorrectly for molecule
Warning: bond stereochemistry may be assigned incorrectly for molecule
Warning: bond stereochemistry may be assigned incorrectly for molecule
Parametrizing:  38%|██████████████████████▋                                     | 8958/23719 [28:13<49:49,  4.94it/s]Warning: bond stereochemistry may be assigned incorrectly for molecule
Warning: bond stereochemistry may be assigned incorrectly for molecule
Warning: bond stereochemistry may be assigned incorrectly for molecule
Parametrizing:  39%|██████████████████████▌                                   | 9237/23719 [29:04<1:05:39,  3.68it/s]Warning: bond stereochemistry may be assigned incorrectly for molecule
Warning: bond stereochemistry may be assigned incorrectly for molecule
Parametrizing:  39%|███████████████████████▎                                    | 9239/23719 [29:04<47:06,  5.12it/s]Warning: bond stereochemistry may be assigned incorrectly for molecule
Parametrizing:  40%|███████████████████████▊                                    | 9412/23719 [29:37<51:10,  4.66it/s]2025-09-10 12:45:10.864 | WARNING  | __mp_main__:smiles_to_interchange:211 - [H:11][C:4]([H:12])([H:13])[S:7]([C:5]([H:14])([H:15])[H:16])([C:6]([H:17])([H:18])[C:3]([H:9])([H:10])[O:2][H:8])[I:1] encountered ValueError during parametrization, skipping: Molecule contains forbidden SMARTS pattern [#16:1]-[#35,#53:2]
Parametrizing:  42%|█████████████████████████                                   | 9901/23719 [31:08<38:51,  5.93it/s]Warning: bond stereochemistry may be assigned incorrectly for molecule
Warning: bond stereochemistry may be assigned incorrectly for molecule
Warning: bond stereochemistry may be assigned incorrectly for molecule
Parametrizing:  43%|█████████████████████████▍                                 | 10246/23719 [32:19<38:12,  5.88it/s]Warning: bond stereochemistry may be assigned incorrectly for molecule
Parametrizing:  43%|█████████████████████████▍                                 | 10247/23719 [32:20<48:09,  4.66it/s]Warning: bond stereochemistry may be assigned incorrectly for molecule
Warning: bond stereochemistry may be assigned incorrectly for molecule
Parametrizing:  47%|████████████████████████████                               | 11262/23719 [35:30<42:23,  4.90it/s]Warning: bond stereochemistry may be assigned incorrectly for molecule
Parametrizing:  47%|████████████████████████████                               | 11263/23719 [35:30<47:20,  4.39it/s]Warning: bond stereochemistry may be assigned incorrectly for molecule
Warning: bond stereochemistry may be assigned incorrectly for molecule
Parametrizing:  48%|████████████████████████████                               | 11275/23719 [35:32<38:16,  5.42it/s]Warning: bond stereochemistry may be assigned incorrectly for molecule
Warning: bond stereochemistry may be assigned incorrectly for molecule
Warning: bond stereochemistry may be assigned incorrectly for molecule
Parametrizing:  49%|█████████████████████████████                              | 11673/23719 [36:57<44:51,  4.48it/s]Warning: bond stereochemistry may be assigned incorrectly for molecule
Warning: bond stereochemistry may be assigned incorrectly for molecule
Parametrizing:  49%|█████████████████████████████                              | 11674/23719 [36:57<45:23,  4.42it/s]Warning: bond stereochemistry may be assigned incorrectly for molecule
Parametrizing:  50%|█████████████████████████████▎                             | 11782/23719 [37:17<35:01,  5.68it/s]Warning: bond stereochemistry may be assigned incorrectly for molecule
Warning: bond stereochemistry may be assigned incorrectly for molecule
Warning: bond stereochemistry may be assigned incorrectly for molecule
Parametrizing:  50%|█████████████████████████████▍                             | 11825/23719 [37:25<42:40,  4.65it/s]Warning: bond stereochemistry may be assigned incorrectly for molecule
Warning: bond stereochemistry may be assigned incorrectly for molecule
Warning: bond stereochemistry may be assigned incorrectly for molecule
Parametrizing:  52%|██████████████████████████████▌                            | 12300/23719 [38:55<37:50,  5.03it/s]Warning: bond stereochemistry may be assigned incorrectly for molecule
Parametrizing:  52%|██████████████████████████████▌                            | 12301/23719 [38:55<42:23,  4.49it/s]Warning: bond stereochemistry may be assigned incorrectly for molecule
Parametrizing:  52%|██████████████████████████████▌                            | 12302/23719 [38:56<36:32,  5.21it/s]Warning: bond stereochemistry may be assigned incorrectly for molecule
Parametrizing:  53%|███████████████████████████████▌                           | 12683/23719 [40:08<32:29,  5.66it/s]Warning: bond stereochemistry may be assigned incorrectly for molecule
Parametrizing:  53%|███████████████████████████████▌                           | 12684/23719 [40:08<36:50,  4.99it/s]Warning: bond stereochemistry may be assigned incorrectly for molecule
Warning: bond stereochemistry may be assigned incorrectly for molecule
Parametrizing:  63%|████████████████████████████████████▉                      | 14843/23719 [47:13<26:13,  5.64it/s]Warning: bond stereochemistry may be assigned incorrectly for molecule
Warning: bond stereochemistry may be assigned incorrectly for molecule
Parametrizing:  63%|████████████████████████████████████▉                      | 14845/23719 [47:13<28:55,  5.11it/s]Warning: bond stereochemistry may be assigned incorrectly for molecule
Parametrizing:  63%|█████████████████████████████████████                      | 14904/23719 [47:25<30:53,  4.75it/s]Warning: bond stereochemistry may be assigned incorrectly for molecule
Warning: bond stereochemistry may be assigned incorrectly for molecule
Warning: bond stereochemistry may be assigned incorrectly for molecule
Parametrizing:  63%|█████████████████████████████████████                      | 14917/23719 [47:27<26:37,  5.51it/s]Warning: bond stereochemistry may be assigned incorrectly for molecule
Warning: bond stereochemistry may be assigned incorrectly for molecule
Warning: bond stereochemistry may be assigned incorrectly for molecule
Parametrizing:  64%|█████████████████████████████████████▋                     | 15154/23719 [48:12<29:04,  4.91it/s]Warning: bond stereochemistry may be assigned incorrectly for molecule
Warning: bond stereochemistry may be assigned incorrectly for molecule
Parametrizing:  64%|█████████████████████████████████████▋                     | 15155/23719 [48:13<31:05,  4.59it/s]Warning: bond stereochemistry may be assigned incorrectly for molecule
Parametrizing:  69%|████████████████████████████████████████▌                  | 16311/23719 [52:06<22:58,  5.37it/s]Warning: bond stereochemistry may be assigned incorrectly for molecule
Parametrizing:  69%|████████████████████████████████████████▌                  | 16313/23719 [52:07<23:50,  5.18it/s]Warning: bond stereochemistry may be assigned incorrectly for molecule
Warning: bond stereochemistry may be assigned incorrectly for molecule
Parametrizing:  70%|█████████████████████████████████████████▎                 | 16612/23719 [53:04<13:33,  8.73it/s]Warning: bond stereochemistry may be assigned incorrectly for molecule
Warning: bond stereochemistry may be assigned incorrectly for molecule
Warning: bond stereochemistry may be assigned incorrectly for molecule
Parametrizing:  71%|██████████████████████████████████████████▏                | 16935/23719 [54:08<21:34,  5.24it/s]Warning: bond stereochemistry may be assigned incorrectly for molecule
Parametrizing:  71%|██████████████████████████████████████████▏                | 16936/23719 [54:08<21:23,  5.29it/s]Warning: bond stereochemistry may be assigned incorrectly for molecule
Warning: bond stereochemistry may be assigned incorrectly for molecule
Parametrizing:  81%|██████████████████████████████████████████████▏          | 19245/23719 [1:01:53<21:35,  3.45it/s]Warning: bond stereochemistry may be assigned incorrectly for molecule
Warning: bond stereochemistry may be assigned incorrectly for molecule
Warning: bond stereochemistry may be assigned incorrectly for molecule
Parametrizing:  82%|██████████████████████████████████████████████▌          | 19377/23719 [1:02:19<18:04,  4.00it/s]Warning: bond stereochemistry may be assigned incorrectly for molecule
Warning: bond stereochemistry may be assigned incorrectly for molecule
Parametrizing:  82%|██████████████████████████████████████████████▌          | 19378/23719 [1:02:19<18:03,  4.01it/s]Warning: bond stereochemistry may be assigned incorrectly for molecule
Parametrizing:  83%|███████████████████████████████████████████████▏         | 19639/23719 [1:03:14<13:51,  4.91it/s]Warning: bond stereochemistry may be assigned incorrectly for molecule
Parametrizing:  83%|███████████████████████████████████████████████▏         | 19641/23719 [1:03:14<18:10,  3.74it/s]Warning: bond stereochemistry may be assigned incorrectly for molecule
Warning: bond stereochemistry may be assigned incorrectly for molecule
Parametrizing:  85%|████████████████████████████████████████████████▌        | 20183/23719 [1:05:23<10:05,  5.84it/s]Warning: bond stereochemistry may be assigned incorrectly for molecule
Warning: bond stereochemistry may be assigned incorrectly for molecule
Warning: bond stereochemistry may be assigned incorrectly for molecule
Parametrizing:  86%|█████████████████████████████████████████████████        | 20440/23719 [1:06:13<06:46,  8.07it/s]Warning: bond stereochemistry may be assigned incorrectly for molecule
Warning: bond stereochemistry may be assigned incorrectly for molecule
Warning: bond stereochemistry may be assigned incorrectly for molecule
Parametrizing:  87%|█████████████████████████████████████████████████▎       | 20534/23719 [1:06:32<08:34,  6.19it/s]Warning: bond stereochemistry may be assigned incorrectly for molecule
Warning: bond stereochemistry may be assigned incorrectly for molecule
Warning: bond stereochemistry may be assigned incorrectly for molecule
Parametrizing:  87%|█████████████████████████████████████████████████▊       | 20728/23719 [1:07:10<10:53,  4.57it/s]Warning: bond stereochemistry may be assigned incorrectly for molecule
Warning: bond stereochemistry may be assigned incorrectly for molecule
Warning: bond stereochemistry may be assigned incorrectly for molecule
Parametrizing:  88%|█████████████████████████████████████████████████▉       | 20798/23719 [1:07:24<08:50,  5.50it/s]Warning: bond stereochemistry may be assigned incorrectly for molecule
Warning: bond stereochemistry may be assigned incorrectly for molecule
Warning: bond stereochemistry may be assigned incorrectly for molecule
Parametrizing:  88%|██████████████████████████████████████████████████       | 20857/23719 [1:07:35<08:31,  5.59it/s]Warning: bond stereochemistry may be assigned incorrectly for molecule
Parametrizing:  88%|██████████████████████████████████████████████████       | 20858/23719 [1:07:36<09:50,  4.84it/s]Warning: bond stereochemistry may be assigned incorrectly for molecule
Warning: bond stereochemistry may be assigned incorrectly for molecule
Parametrizing:  90%|███████████████████████████████████████████████████▏     | 21322/23719 [1:09:08<06:00,  6.66it/s]Warning: bond stereochemistry may be assigned incorrectly for molecule
Warning: bond stereochemistry may be assigned incorrectly for molecule
Warning: bond stereochemistry may be assigned incorrectly for molecule
Parametrizing:  91%|███████████████████████████████████████████████████▉     | 21617/23719 [1:10:11<06:51,  5.11it/s]Warning: bond stereochemistry may be assigned incorrectly for molecule
Parametrizing:  91%|███████████████████████████████████████████████████▉     | 21619/23719 [1:10:11<05:32,  6.32it/s]Warning: bond stereochemistry may be assigned incorrectly for molecule
Warning: bond stereochemistry may be assigned incorrectly for molecule
Parametrizing:  94%|█████████████████████████████████████████████████████▊   | 22382/23719 [1:12:41<04:54,  4.54it/s]Warning: bond stereochemistry may be assigned incorrectly for molecule
Parametrizing:  94%|█████████████████████████████████████████████████████▊   | 22383/23719 [1:12:41<04:43,  4.72it/s]Warning: bond stereochemistry may be assigned incorrectly for molecule
Warning: bond stereochemistry may be assigned incorrectly for molecule
Parametrizing:  95%|██████████████████████████████████████████████████████   | 22515/23719 [1:13:07<04:38,  4.32it/s]Warning: bond stereochemistry may be assigned incorrectly for molecule
Warning: bond stereochemistry may be assigned incorrectly for molecule
Warning: bond stereochemistry may be assigned incorrectly for molecule
Parametrizing:  96%|██████████████████████████████████████████████████████▌  | 22692/23719 [1:13:43<03:12,  5.34it/s]Warning: bond stereochemistry may be assigned incorrectly for molecule
Warning: bond stereochemistry may be assigned incorrectly for molecule
Warning: bond stereochemistry may be assigned incorrectly for molecule
Parametrizing:  96%|██████████████████████████████████████████████████████▌  | 22723/23719 [1:13:49<04:25,  3.75it/s]Warning: bond stereochemistry may be assigned incorrectly for molecule
Parametrizing:  96%|██████████████████████████████████████████████████████▌  | 22724/23719 [1:13:49<04:38,  3.57it/s]Warning: bond stereochemistry may be assigned incorrectly for molecule
Warning: bond stereochemistry may be assigned incorrectly for molecule
Parametrizing:  96%|██████████████████████████████████████████████████████▊  | 22827/23719 [1:14:09<04:01,  3.70it/s]2025-09-10 13:29:43.929 | WARNING  | __mp_main__:smiles_to_interchange:211 - [P:1]#[C:2][c:8]1[c:6]([H:12])[c:4]([H:10])[c:3]([H:9])[c:5]([H:11])[c:7]1[H:13] encountered ValueError during parametrization, skipping: Molecule contains forbidden SMARTS pattern [#15:1]#[*:2]
Parametrizing:  97%|███████████████████████████████████████████████████████  | 22889/23719 [1:14:22<02:17,  6.03it/s]Warning: bond stereochemistry may be assigned incorrectly for molecule
Warning: bond stereochemistry may be assigned incorrectly for molecule
Warning: bond stereochemistry may be assigned incorrectly for molecule
Parametrizing: 100%|████████████████████████████████████████████████████████▉| 23717/23719 [1:17:25<00:00,  6.61it/s]Warning: bond stereochemistry may be assigned incorrectly for molecule
Parametrizing: 100%|████████████████████████████████████████████████████████▉| 23718/23719 [1:17:25<00:00,  5.54it/s]Warning: bond stereochemistry may be assigned incorrectly for molecule
Warning: bond stereochemistry may be assigned incorrectly for molecule
Parametrizing: 100%|█████████████████████████████████████████████████████████| 23719/23719 [1:17:25<00:00,  5.11it/s]
2025-09-10 13:33:01.472 | INFO     | __main__:parametrize_dataset:139 - Interchanges constructed.
2025-09-10 13:33:02.695 | INFO     | __main__:parametrize_dataset:119 - Loading dataset at workflow/04-parametrize/../02-select-data/datasets/spice2/test...
2025-09-10 13:33:02.701 | INFO     | __main__:parametrize_dataset:123 - Loaded.
2025-09-10 13:33:02.701 | INFO     | __main__:parametrize_dataset:125 - Constructing interchanges...
Parametrizing:   0%|                                                              | 1/1248 [00:03<1:23:01,  3.99s/it]2025-09-10 13:33:07.884 | WARNING  | __mp_main__:smiles_to_interchange:211 - [S:3]([S:4][Br:2])[Br:1] encountered ValueError during parametrization, skipping: Molecule contains forbidden SMARTS pattern [#16:1]-[#35,#53:2]
Parametrizing:  23%|██████████████▎                                               | 287/1248 [00:56<03:59,  4.01it/s]Warning: bond stereochemistry may be assigned incorrectly for molecule
Parametrizing:  23%|██████████████▎                                               | 289/1248 [00:56<03:09,  5.07it/s]Warning: bond stereochemistry may be assigned incorrectly for molecule
Warning: bond stereochemistry may be assigned incorrectly for molecule
Parametrizing:  28%|█████████████████▏                                            | 345/1248 [01:07<03:13,  4.66it/s]Warning: bond stereochemistry may be assigned incorrectly for molecule
Warning: bond stereochemistry may be assigned incorrectly for molecule
Warning: bond stereochemistry may be assigned incorrectly for molecule
Parametrizing:  72%|████████████████████████████████████████████▌                 | 898/1248 [02:53<01:03,  5.51it/s]2025-09-10 13:35:56.126 | WARNING  | __mp_main__:smiles_to_interchange:211 - [S:3]([S:4][I:2])[I:1] encountered ValueError during parametrization, skipping: Molecule contains forbidden SMARTS pattern [#16:1]-[#35,#53:2]
Parametrizing:  74%|█████████████████████████████████████████████▌                | 918/1248 [02:56<01:09,  4.77it/s]Warning: bond stereochemistry may be assigned incorrectly for molecule
Parametrizing:  74%|█████████████████████████████████████████████▋                | 919/1248 [02:57<01:20,  4.10it/s]Warning: bond stereochemistry may be assigned incorrectly for molecule
Parametrizing:  74%|█████████████████████████████████████████████▋                | 920/1248 [02:57<01:13,  4.44it/s]Warning: bond stereochemistry may be assigned incorrectly for molecule
Parametrizing:  95%|█████████████████████████████████████████████████████████▊   | 1183/1248 [03:45<00:07,  8.28it/s]Warning: bond stereochemistry may be assigned incorrectly for molecule
Warning: bond stereochemistry may be assigned incorrectly for molecule
Parametrizing:  95%|█████████████████████████████████████████████████████████▊   | 1184/1248 [03:45<00:15,  4.05it/s]Warning: bond stereochemistry may be assigned incorrectly for molecule
Parametrizing: 100%|█████████████████████████████████████████████████████████████| 1248/1248 [03:57<00:00,  5.24it/s]
2025-09-10 13:37:02.316 | INFO     | __main__:parametrize_dataset:139 - Interchanges constructed.
2025-09-10 13:37:02.383 | INFO     | __main__:parametrize_dataset:119 - Loading dataset at workflow/04-parametrize/../02-select-data/datasets/tetramers/train...
2025-09-10 13:37:02.387 | INFO     | __main__:parametrize_dataset:123 - Loaded.
2025-09-10 13:37:02.387 | INFO     | __main__:parametrize_dataset:125 - Constructing interchanges...
Parametrizing: 100%|███████████████████████████████████████████████████████████████| 949/949 [02:59<00:00,  5.29it/s]
2025-09-10 13:40:03.310 | INFO     | __main__:parametrize_dataset:139 - Interchanges constructed.
2025-09-10 13:40:03.643 | INFO     | __main__:parametrize_dataset:119 - Loading dataset at workflow/04-parametrize/../02-select-data/datasets/tetramers/test...
2025-09-10 13:40:03.647 | INFO     | __main__:parametrize_dataset:123 - Loaded.
2025-09-10 13:40:03.648 | INFO     | __main__:parametrize_dataset:125 - Constructing interchanges...
Parametrizing: 100%|█████████████████████████████████████████████████████████████████| 50/50 [00:11<00:00,  4.21it/s]
2025-09-10 13:40:45.984 | INFO     | __main__:parametrize_dataset:139 - Interchanges constructed.
2025-09-10 13:40:46.009 | INFO     | __main__:interchanges_to_smee:151 - Converting to tensor format...
2025-09-10 13:57:17.166 | INFO     | __main__:interchanges_to_smee:155 - Converted.
